0 info it worked if it ends with ok
1 verbose cli [ '/usr/local/bin/node',
1 verbose cli   '/Users/jrieken/.npm-packages/bin/npm',
1 verbose cli   'run',
1 verbose cli   '-p',
1 verbose cli   '/Users/jrieken/Code/vscode/src/tsconfig.json' ]
2 info using npm@3.8.6
3 info using node@v8.9.0
4 verbose stack Error: missing script: /Users/jrieken/Code/vscode/src/tsconfig.json
4 verbose stack     at run (/Users/jrieken/.npm-packages/lib/node_modules/npm/lib/run-script.js:147:19)
4 verbose stack     at /Users/jrieken/.npm-packages/lib/node_modules/npm/lib/run-script.js:57:5
4 verbose stack     at /Users/jrieken/.npm-packages/lib/node_modules/npm/node_modules/read-package-json/read-json.js:345:5
4 verbose stack     at checkBinReferences_ (/Users/jrieken/.npm-packages/lib/node_modules/npm/node_modules/read-package-json/read-json.js:309:45)
4 verbose stack     at final (/Users/jrieken/.npm-packages/lib/node_modules/npm/node_modules/read-package-json/read-json.js:343:3)
4 verbose stack     at then (/Users/jrieken/.npm-packages/lib/node_modules/npm/node_modules/read-package-json/read-json.js:113:5)
4 verbose stack     at /Users/jrieken/.npm-packages/lib/node_modules/npm/node_modules/read-package-json/read-json.js:300:12
4 verbose stack     at /Users/jrieken/.npm-packages/lib/node_modules/npm/node_modules/graceful-fs/graceful-fs.js:78:16
4 verbose stack     at FSReqWrap.readFileAfterClose [as oncomplete] (fs.js:511:3)
5 verbose cwd /Users/jrieken/Code/collab/ts-unused-exports
6 error Darwin 16.7.0
7 error argv "/usr/local/bin/node" "/Users/jrieken/.npm-packages/bin/npm" "run" "-p" "/Users/jrieken/Code/vscode/src/tsconfig.json"
8 error node v8.9.0
9 error npm  v3.8.6
10 error missing script: /Users/jrieken/Code/vscode/src/tsconfig.json
11 error If you need help, you may report this error at:
11 error     <https://github.com/npm/npm/issues>
12 verbose exit [ 1, true ]
